Loading user config located at: '/home/qyy/hdd/work/alice_isaac/isaacsim51/kit/data/Kit/Isaac-Sim/5.1/user.config.json'
[Info] [carb] Logging to file: /home/qyy/hdd/work/alice_isaac/isaacsim51/kit/logs/Kit/Isaac-Sim/5.1/kit_20260121_200554.log
2026-01-21T12:05:54Z [168ms] [Warning] [omni.usd_config.extension] Enable omni.materialx.libs extension to use MaterialX
2026-01-21T12:05:54Z [527ms] [Warning] [carb] Acquiring non optional plugin interface which is not listed as dependency: [omni::physx::IPhysxBenchmarks v1.0] (plugin: <default plugin>), by client: omni.physics.physx.plugin. Add it to CARB_PLUGIN_IMPL_DEPS() macro of a client.
2026-01-21T12:05:54Z [533ms] [Warning] [omni.isaac.dynamic_control] omni.isaac.dynamic_control is deprecated as of Isaac Sim 4.5. No action is needed from end-users.
2026-01-21T12:05:59Z [5,423ms] [Warning] [gpu.foundation.plugin] Skipping unsupported non-NVIDIA GPU: AMD Unknown (RADV RAPHAEL_MENDOCINO)
2026-01-21T12:05:59Z [5,423ms] [Warning] [gpu.foundation.plugin] Skipping unsupported non-NVIDIA GPU: AMD Unknown (RADV RAPHAEL_MENDOCINO)

|---------------------------------------------------------------------------------------------|
| Driver Version: 580.65.06     | Graphics API: Vulkan
|=============================================================================================|
| GPU | Name                             | Active | LDA | GPU Memory | Vendor-ID | LUID       |
|     |                                  |        |     |            | Device-ID | UUID       |
|     |                                  |        |     |            | Bus-ID    |            |
|---------------------------------------------------------------------------------------------|
| 0   | NVIDIA GeForce RTX 5070          | Yes: 0 |     | 12227   MB | 10de      | 0          |
|     |                                  |        |     |            | 2f04      | 819090c2.. |
|     |                                  |        |     |            | 1         |            |
|---------------------------------------------------------------------------------------------|
| 1   | AMD Unknown (RADV RAPHAEL_MEND.. |        |     | 22007   MB | 1002      | 0          |
|     |                                  |        |     |            | 13c0      | 00000000.. |
|     |                                  |        |     |            | 72        |            |
|=============================================================================================|
| OS: 22.04.5 LTS (Jammy Jellyfish) ubuntu, Version: 22.04.5, Kernel: 6.8.0-90-generic
| XServer Vendor: The X.Org Foundation, XServer Version: 12101004 (1.21.1.4)
| Processor: AMD Ryzen 9 9950X 16-Core Processor
| Cores: 16 | Logical Cores: 32
|---------------------------------------------------------------------------------------------|
| Total Memory (MB): 61924 | Free Memory: 47926
| Total Page/Swap (MB): 61439 | Free Page/Swap: 56887
|---------------------------------------------------------------------------------------------|
2026-01-21T12:05:59Z [5,576ms] [Warning] [gpu.foundation.plugin] CPU performance profile is set to powersave. This profile sets the CPU to the lowest frequency reducing performance.
2026-01-21T12:05:59Z [5,587ms] [Warning] [gpu.foundation.plugin] IOMMU is enabled.
2026-01-21T12:05:59Z [5,587ms] [Warning] [gpu.foundation.plugin] Detected IOMMU is enabled. Running CUDA peer-to-peer bandwidth and latency validation.
Unidirectional P2P=Enabled Bandwidth (P2P Writes) Matrix (GB/s)
   D\D     0 
     0 577.63 
P2P=Enabled Latency (P2P Writes) Matrix (us)
   GPU     0 
     0   2.07 

   CPU     0 
     0   1.77 
2026-01-21T12:06:00Z [6,140ms] [Warning] [isaaclab.envs.direct_rl_env] Seed not set for the environment. The environment creation may not be deterministic.
2026-01-21T12:06:00Z [6,159ms] [Warning] [isaaclab.envs.direct_rl_env] The render interval (2) is smaller than the decimation (4). Multiple render calls will happen for each environment step.If this is not intended, set the render interval to be equal to the decimation.
2026-01-21T12:06:00Z [6,423ms] [Warning] [isaaclab.sim.spawners.from_files.from_files] A prim already exists at prim path: '/World/envs/env_0/Robot'.
2026-01-21T12:06:04Z [9,930ms] [Warning] [omni.physx.plugin] Stiffness attribute is unsupported for articulation joints and will be ignored (/World/envs/env_0/Robot/humanoid_quadrotor/joints/lwaist).
2026-01-21T12:06:04Z [9,930ms] [Warning] [omni.physx.plugin] Damping attribute is unsupported for articulation joints and will be ignored (/World/envs/env_0/Robot/humanoid_quadrotor/joints/lwaist).
2026-01-21T12:06:04Z [9,930ms] [Warning] [omni.physx.plugin] Stiffness attribute is unsupported for articulation joints and will be ignored (/World/envs/env_0/Robot/humanoid_quadrotor/joints/lwaist).
2026-01-21T12:06:04Z [9,930ms] [Warning] [omni.physx.plugin] Damping attribute is unsupported for articulation joints and will be ignored (/World/envs/env_0/Robot/humanoid_quadrotor/joints/lwaist).
2026-01-21T12:06:04Z [9,930ms] [Warning] [omni.physx.plugin] Stiffness attribute is unsupported for articulation joints and will be ignored (/World/envs/env_0/Robot/humanoid_quadrotor/joints/right_thigh).
2026-01-21T12:06:04Z [9,930ms] [Warning] [omni.physx.plugin] Damping attribute is unsupported for articulation joints and will be ignored (/World/envs/env_0/Robot/humanoid_quadrotor/joints/right_thigh).
2026-01-21T12:06:04Z [9,930ms] [Warning] [omni.physx.plugin] Stiffness attribute is unsupported for articulation joints and will be ignored (/World/envs/env_0/Robot/humanoid_quadrotor/joints/right_thigh).
2026-01-21T12:06:04Z [9,930ms] [Warning] [omni.physx.plugin] Damping attribute is unsupported for articulation joints and will be ignored (/World/envs/env_0/Robot/humanoid_quadrotor/joints/right_thigh).
2026-01-21T12:06:04Z [9,930ms] [Warning] [omni.physx.plugin] Stiffness attribute is unsupported for articulation joints and will be ignored (/World/envs/env_0/Robot/humanoid_quadrotor/joints/right_thigh).
2026-01-21T12:06:04Z [9,930ms] [Warning] [omni.physx.plugin] Damping attribute is unsupported for articulation joints and will be ignored (/World/envs/env_0/Robot/humanoid_quadrotor/joints/right_thigh).
2026-01-21T12:06:04Z [9,930ms] [Warning] [omni.physx.plugin] Stiffness attribute is unsupported for articulation joints and will be ignored (/World/envs/env_0/Robot/humanoid_quadrotor/joints/left_thigh).
2026-01-21T12:06:04Z [9,930ms] [Warning] [omni.physx.plugin] Damping attribute is unsupported for articulation joints and will be ignored (/World/envs/env_0/Robot/humanoid_quadrotor/joints/left_thigh).
2026-01-21T12:06:04Z [9,930ms] [Warning] [omni.physx.plugin] Stiffness attribute is unsupported for articulation joints and will be ignored (/World/envs/env_0/Robot/humanoid_quadrotor/joints/left_thigh).
2026-01-21T12:06:04Z [9,930ms] [Warning] [omni.physx.plugin] Damping attribute is unsupported for articulation joints and will be ignored (/World/envs/env_0/Robot/humanoid_quadrotor/joints/left_thigh).
2026-01-21T12:06:04Z [9,930ms] [Warning] [omni.physx.plugin] Stiffness attribute is unsupported for articulation joints and will be ignored (/World/envs/env_0/Robot/humanoid_quadrotor/joints/left_thigh).
2026-01-21T12:06:04Z [9,930ms] [Warning] [omni.physx.plugin] Damping attribute is unsupported for articulation joints and will be ignored (/World/envs/env_0/Robot/humanoid_quadrotor/joints/left_thigh).
2026-01-21T12:06:04Z [9,930ms] [Warning] [omni.physx.plugin] Stiffness attribute is unsupported for articulation joints and will be ignored (/World/envs/env_0/Robot/humanoid_quadrotor/joints/right_upper_arm).
2026-01-21T12:06:04Z [9,930ms] [Warning] [omni.physx.plugin] Damping attribute is unsupported for articulation joints and will be ignored (/World/envs/env_0/Robot/humanoid_quadrotor/joints/right_upper_arm).
2026-01-21T12:06:04Z [9,930ms] [Warning] [omni.physx.plugin] Stiffness attribute is unsupported for articulation joints and will be ignored (/World/envs/env_0/Robot/humanoid_quadrotor/joints/right_upper_arm).
2026-01-21T12:06:04Z [9,930ms] [Warning] [omni.physx.plugin] Damping attribute is unsupported for articulation joints and will be ignored (/World/envs/env_0/Robot/humanoid_quadrotor/joints/right_upper_arm).
2026-01-21T12:06:04Z [9,930ms] [Warning] [omni.physx.plugin] Stiffness attribute is unsupported for articulation joints and will be ignored (/World/envs/env_0/Robot/humanoid_quadrotor/joints/left_upper_arm).
2026-01-21T12:06:04Z [9,930ms] [Warning] [omni.physx.plugin] Damping attribute is unsupported for articulation joints and will be ignored (/World/envs/env_0/Robot/humanoid_quadrotor/joints/left_upper_arm).
2026-01-21T12:06:04Z [9,930ms] [Warning] [omni.physx.plugin] Stiffness attribute is unsupported for articulation joints and will be ignored (/World/envs/env_0/Robot/humanoid_quadrotor/joints/left_upper_arm).
2026-01-21T12:06:04Z [9,930ms] [Warning] [omni.physx.plugin] Damping attribute is unsupported for articulation joints and will be ignored (/World/envs/env_0/Robot/humanoid_quadrotor/joints/left_upper_arm).
2026-01-21T12:06:04Z [9,930ms] [Warning] [omni.physx.plugin] Stiffness attribute is unsupported for articulation joints and will be ignored (/World/envs/env_0/Robot/humanoid_quadrotor/joints/lwaist).
2026-01-21T12:06:04Z [9,930ms] [Warning] [omni.physx.plugin] Damping attribute is unsupported for articulation joints and will be ignored (/World/envs/env_0/Robot/humanoid_quadrotor/joints/lwaist).
2026-01-21T12:06:04Z [9,930ms] [Warning] [omni.physx.plugin] Stiffness attribute is unsupported for articulation joints and will be ignored (/World/envs/env_0/Robot/humanoid_quadrotor/joints/lwaist).
2026-01-21T12:06:04Z [9,930ms] [Warning] [omni.physx.plugin] Damping attribute is unsupported for articulation joints and will be ignored (/World/envs/env_0/Robot/humanoid_quadrotor/joints/lwaist).
2026-01-21T12:06:04Z [9,930ms] [Warning] [omni.physx.plugin] Stiffness attribute is unsupported for articulation joints and will be ignored (/World/envs/env_0/Robot/humanoid_quadrotor/joints/right_thigh).
2026-01-21T12:06:04Z [9,930ms] [Warning] [omni.physx.plugin] Damping attribute is unsupported for articulation joints and will be ignored (/World/envs/env_0/Robot/humanoid_quadrotor/joints/right_thigh).
2026-01-21T12:06:04Z [9,930ms] [Warning] [omni.physx.plugin] Stiffness attribute is unsupported for articulation joints and will be ignored (/World/envs/env_0/Robot/humanoid_quadrotor/joints/right_thigh).
2026-01-21T12:06:04Z [9,930ms] [Warning] [omni.physx.plugin] Damping attribute is unsupported for articulation joints and will be ignored (/World/envs/env_0/Robot/humanoid_quadrotor/joints/right_thigh).
2026-01-21T12:06:04Z [9,930ms] [Warning] [omni.physx.plugin] Stiffness attribute is unsupported for articulation joints and will be ignored (/World/envs/env_0/Robot/humanoid_quadrotor/joints/right_thigh).
2026-01-21T12:06:04Z [9,930ms] [Warning] [omni.physx.plugin] Damping attribute is unsupported for articulation joints and will be ignored (/World/envs/env_0/Robot/humanoid_quadrotor/joints/right_thigh).
2026-01-21T12:06:04Z [9,930ms] [Warning] [omni.physx.plugin] Stiffness attribute is unsupported for articulation joints and will be ignored (/World/envs/env_0/Robot/humanoid_quadrotor/joints/left_thigh).
2026-01-21T12:06:04Z [9,930ms] [Warning] [omni.physx.plugin] Damping attribute is unsupported for articulation joints and will be ignored (/World/envs/env_0/Robot/humanoid_quadrotor/joints/left_thigh).
2026-01-21T12:06:04Z [9,930ms] [Warning] [omni.physx.plugin] Stiffness attribute is unsupported for articulation joints and will be ignored (/World/envs/env_0/Robot/humanoid_quadrotor/joints/left_thigh).
2026-01-21T12:06:04Z [9,930ms] [Warning] [omni.physx.plugin] Damping attribute is unsupported for articulation joints and will be ignored (/World/envs/env_0/Robot/humanoid_quadrotor/joints/left_thigh).
2026-01-21T12:06:04Z [9,930ms] [Warning] [omni.physx.plugin] Stiffness attribute is unsupported for articulation joints and will be ignored (/World/envs/env_0/Robot/humanoid_quadrotor/joints/left_thigh).
2026-01-21T12:06:04Z [9,930ms] [Warning] [omni.physx.plugin] Damping attribute is unsupported for articulation joints and will be ignored (/World/envs/env_0/Robot/humanoid_quadrotor/joints/left_thigh).
2026-01-21T12:06:04Z [9,930ms] [Warning] [omni.physx.plugin] Stiffness attribute is unsupported for articulation joints and will be ignored (/World/envs/env_0/Robot/humanoid_quadrotor/joints/right_upper_arm).
2026-01-21T12:06:04Z [9,930ms] [Warning] [omni.physx.plugin] Damping attribute is unsupported for articulation joints and will be ignored (/World/envs/env_0/Robot/humanoid_quadrotor/joints/right_upper_arm).
2026-01-21T12:06:04Z [9,930ms] [Warning] [omni.physx.plugin] Stiffness attribute is unsupported for articulation joints and will be ignored (/World/envs/env_0/Robot/humanoid_quadrotor/joints/right_upper_arm).
2026-01-21T12:06:04Z [9,930ms] [Warning] [omni.physx.plugin] Damping attribute is unsupported for articulation joints and will be ignored (/World/envs/env_0/Robot/humanoid_quadrotor/joints/right_upper_arm).
2026-01-21T12:06:04Z [9,930ms] [Warning] [omni.physx.plugin] Stiffness attribute is unsupported for articulation joints and will be ignored (/World/envs/env_0/Robot/humanoid_quadrotor/joints/left_upper_arm).
2026-01-21T12:06:04Z [9,930ms] [Warning] [omni.physx.plugin] Damping attribute is unsupported for articulation joints and will be ignored (/World/envs/env_0/Robot/humanoid_quadrotor/joints/left_upper_arm).
2026-01-21T12:06:04Z [9,930ms] [Warning] [omni.physx.plugin] Stiffness attribute is unsupported for articulation joints and will be ignored (/World/envs/env_0/Robot/humanoid_quadrotor/joints/left_upper_arm).
2026-01-21T12:06:04Z [9,930ms] [Warning] [omni.physx.plugin] Damping attribute is unsupported for articulation joints and will be ignored (/World/envs/env_0/Robot/humanoid_quadrotor/joints/left_upper_arm).
2026-01-21T12:06:04Z [9,930ms] [Warning] [omni.physx.plugin] Stiffness attribute is unsupported for articulation joints and will be ignored (/World/envs/env_0/Robot/humanoid_quadrotor/joints/right_thigh).
2026-01-21T12:06:04Z [9,930ms] [Warning] [omni.physx.plugin] Damping attribute is unsupported for articulation joints and will be ignored (/World/envs/env_0/Robot/humanoid_quadrotor/joints/right_thigh).
2026-01-21T12:06:04Z [9,930ms] [Warning] [omni.physx.plugin] Stiffness attribute is unsupported for articulation joints and will be ignored (/World/envs/env_0/Robot/humanoid_quadrotor/joints/right_thigh).
2026-01-21T12:06:04Z [9,930ms] [Warning] [omni.physx.plugin] Damping attribute is unsupported for articulation joints and will be ignored (/World/envs/env_0/Robot/humanoid_quadrotor/joints/right_thigh).
2026-01-21T12:06:04Z [9,930ms] [Warning] [omni.physx.plugin] Stiffness attribute is unsupported for articulation joints and will be ignored (/World/envs/env_0/Robot/humanoid_quadrotor/joints/right_thigh).
2026-01-21T12:06:04Z [9,930ms] [Warning] [omni.physx.plugin] Damping attribute is unsupported for articulation joints and will be ignored (/World/envs/env_0/Robot/humanoid_quadrotor/joints/right_thigh).
2026-01-21T12:06:04Z [9,930ms] [Warning] [omni.physx.plugin] Stiffness attribute is unsupported for articulation joints and will be ignored (/World/envs/env_0/Robot/humanoid_quadrotor/joints/left_thigh).
2026-01-21T12:06:04Z [9,930ms] [Warning] [omni.physx.plugin] Damping attribute is unsupported for articulation joints and will be ignored (/World/envs/env_0/Robot/humanoid_quadrotor/joints/left_thigh).
2026-01-21T12:06:04Z [9,930ms] [Warning] [omni.physx.plugin] Stiffness attribute is unsupported for articulation joints and will be ignored (/World/envs/env_0/Robot/humanoid_quadrotor/joints/left_thigh).
2026-01-21T12:06:04Z [9,930ms] [Warning] [omni.physx.plugin] Damping attribute is unsupported for articulation joints and will be ignored (/World/envs/env_0/Robot/humanoid_quadrotor/joints/left_thigh).
2026-01-21T12:06:04Z [9,930ms] [Warning] [omni.physx.plugin] Stiffness attribute is unsupported for articulation joints and will be ignored (/World/envs/env_0/Robot/humanoid_quadrotor/joints/left_thigh).
2026-01-21T12:06:04Z [9,930ms] [Warning] [omni.physx.plugin] Damping attribute is unsupported for articulation joints and will be ignored (/World/envs/env_0/Robot/humanoid_quadrotor/joints/left_thigh).
2026-01-21T12:06:04Z [9,930ms] [Warning] [omni.physx.plugin] Stiffness attribute is unsupported for articulation joints and will be ignored (/World/envs/env_0/Robot/humanoid_quadrotor/joints/right_upper_arm).
2026-01-21T12:06:04Z [9,930ms] [Warning] [omni.physx.plugin] Damping attribute is unsupported for articulation joints and will be ignored (/World/envs/env_0/Robot/humanoid_quadrotor/joints/right_upper_arm).
2026-01-21T12:06:04Z [9,930ms] [Warning] [omni.physx.plugin] Stiffness attribute is unsupported for articulation joints and will be ignored (/World/envs/env_0/Robot/humanoid_quadrotor/joints/right_upper_arm).
2026-01-21T12:06:04Z [9,930ms] [Warning] [omni.physx.plugin] Damping attribute is unsupported for articulation joints and will be ignored (/World/envs/env_0/Robot/humanoid_quadrotor/joints/right_upper_arm).
2026-01-21T12:06:04Z [9,930ms] [Warning] [omni.physx.plugin] Stiffness attribute is unsupported for articulation joints and will be ignored (/World/envs/env_0/Robot/humanoid_quadrotor/joints/left_upper_arm).
2026-01-21T12:06:04Z [9,930ms] [Warning] [omni.physx.plugin] Damping attribute is unsupported for articulation joints and will be ignored (/World/envs/env_0/Robot/humanoid_quadrotor/joints/left_upper_arm).
2026-01-21T12:06:04Z [9,930ms] [Warning] [omni.physx.plugin] Stiffness attribute is unsupported for articulation joints and will be ignored (/World/envs/env_0/Robot/humanoid_quadrotor/joints/left_upper_arm).
2026-01-21T12:06:04Z [9,930ms] [Warning] [omni.physx.plugin] Damping attribute is unsupported for articulation joints and will be ignored (/World/envs/env_0/Robot/humanoid_quadrotor/joints/left_upper_arm).
2026-01-21T12:06:04Z [9,930ms] [Warning] [omni.physx.plugin] Stiffness attribute is unsupported for articulation joints and will be ignored (/World/envs/env_0/Robot/humanoid_quadrotor/joints/left_thigh).
2026-01-21T12:06:04Z [9,930ms] [Warning] [omni.physx.plugin] Damping attribute is unsupported for articulation joints and will be ignored (/World/envs/env_0/Robot/humanoid_quadrotor/joints/left_thigh).
2026-01-21T12:06:04Z [9,930ms] [Warning] [omni.physx.plugin] Stiffness attribute is unsupported for articulation joints and will be ignored (/World/envs/env_0/Robot/humanoid_quadrotor/joints/left_thigh).
2026-01-21T12:06:04Z [9,930ms] [Warning] [omni.physx.plugin] Damping attribute is unsupported for articulation joints and will be ignored (/World/envs/env_0/Robot/humanoid_quadrotor/joints/left_thigh).
2026-01-21T12:06:04Z [9,930ms] [Warning] [omni.physx.plugin] Stiffness attribute is unsupported for articulation joints and will be ignored (/World/envs/env_0/Robot/humanoid_quadrotor/joints/left_thigh).
2026-01-21T12:06:04Z [9,930ms] [Warning] [omni.physx.plugin] Damping attribute is unsupported for articulation joints and will be ignored (/World/envs/env_0/Robot/humanoid_quadrotor/joints/left_thigh).
2026-01-21T12:06:04Z [9,930ms] [Warning] [omni.physx.plugin] Stiffness attribute is unsupported for articulation joints and will be ignored (/World/envs/env_0/Robot/humanoid_quadrotor/joints/right_upper_arm).
2026-01-21T12:06:04Z [9,930ms] [Warning] [omni.physx.plugin] Damping attribute is unsupported for articulation joints and will be ignored (/World/envs/env_0/Robot/humanoid_quadrotor/joints/right_upper_arm).
2026-01-21T12:06:04Z [9,930ms] [Warning] [omni.physx.plugin] Stiffness attribute is unsupported for articulation joints and will be ignored (/World/envs/env_0/Robot/humanoid_quadrotor/joints/right_upper_arm).
2026-01-21T12:06:04Z [9,930ms] [Warning] [omni.physx.plugin] Damping attribute is unsupported for articulation joints and will be ignored (/World/envs/env_0/Robot/humanoid_quadrotor/joints/right_upper_arm).
2026-01-21T12:06:04Z [9,930ms] [Warning] [omni.physx.plugin] Stiffness attribute is unsupported for articulation joints and will be ignored (/World/envs/env_0/Robot/humanoid_quadrotor/joints/left_upper_arm).
2026-01-21T12:06:04Z [9,930ms] [Warning] [omni.physx.plugin] Damping attribute is unsupported for articulation joints and will be ignored (/World/envs/env_0/Robot/humanoid_quadrotor/joints/left_upper_arm).
2026-01-21T12:06:04Z [9,930ms] [Warning] [omni.physx.plugin] Stiffness attribute is unsupported for articulation joints and will be ignored (/World/envs/env_0/Robot/humanoid_quadrotor/joints/left_upper_arm).
2026-01-21T12:06:04Z [9,930ms] [Warning] [omni.physx.plugin] Damping attribute is unsupported for articulation joints and will be ignored (/World/envs/env_0/Robot/humanoid_quadrotor/joints/left_upper_arm).
2026-01-21T12:06:04Z [9,930ms] [Warning] [omni.physx.plugin] Stiffness attribute is unsupported for articulation joints and will be ignored (/World/envs/env_0/Robot/humanoid_quadrotor/joints/left_thigh).
2026-01-21T12:06:04Z [9,930ms] [Warning] [omni.physx.plugin] Damping attribute is unsupported for articulation joints and will be ignored (/World/envs/env_0/Robot/humanoid_quadrotor/joints/left_thigh).
2026-01-21T12:06:04Z [9,930ms] [Warning] [omni.physx.plugin] Stiffness attribute is unsupported for articulation joints and will be ignored (/World/envs/env_0/Robot/humanoid_quadrotor/joints/left_thigh).
2026-01-21T12:06:04Z [9,930ms] [Warning] [omni.physx.plugin] Damping attribute is unsupported for articulation joints and will be ignored (/World/envs/env_0/Robot/humanoid_quadrotor/joints/left_thigh).
2026-01-21T12:06:04Z [9,930ms] [Warning] [omni.physx.plugin] Stiffness attribute is unsupported for articulation joints and will be ignored (/World/envs/env_0/Robot/humanoid_quadrotor/joints/left_thigh).
2026-01-21T12:06:04Z [9,930ms] [Warning] [omni.physx.plugin] Damping attribute is unsupported for articulation joints and will be ignored (/World/envs/env_0/Robot/humanoid_quadrotor/joints/left_thigh).
2026-01-21T12:06:04Z [9,930ms] [Warning] [omni.physx.plugin] Stiffness attribute is unsupported for articulation joints and will be ignored (/World/envs/env_0/Robot/humanoid_quadrotor/joints/right_upper_arm).
2026-01-21T12:06:04Z [9,930ms] [Warning] [omni.physx.plugin] Damping attribute is unsupported for articulation joints and will be ignored (/World/envs/env_0/Robot/humanoid_quadrotor/joints/right_upper_arm).
2026-01-21T12:06:04Z [9,930ms] [Warning] [omni.physx.plugin] Stiffness attribute is unsupported for articulation joints and will be ignored (/World/envs/env_0/Robot/humanoid_quadrotor/joints/right_upper_arm).
2026-01-21T12:06:04Z [9,930ms] [Warning] [omni.physx.plugin] Damping attribute is unsupported for articulation joints and will be ignored (/World/envs/env_0/Robot/humanoid_quadrotor/joints/right_upper_arm).
2026-01-21T12:06:04Z [9,930ms] [Warning] [omni.physx.plugin] Stiffness attribute is unsupported for articulation joints and will be ignored (/World/envs/env_0/Robot/humanoid_quadrotor/joints/left_upper_arm).
2026-01-21T12:06:04Z [9,930ms] [Warning] [omni.physx.plugin] Damping attribute is unsupported for articulation joints and will be ignored (/World/envs/env_0/Robot/humanoid_quadrotor/joints/left_upper_arm).
2026-01-21T12:06:04Z [9,930ms] [Warning] [omni.physx.plugin] Stiffness attribute is unsupported for articulation joints and will be ignored (/World/envs/env_0/Robot/humanoid_quadrotor/joints/left_upper_arm).
2026-01-21T12:06:04Z [9,930ms] [Warning] [omni.physx.plugin] Damping attribute is unsupported for articulation joints and will be ignored (/World/envs/env_0/Robot/humanoid_quadrotor/joints/left_upper_arm).
2026-01-21T12:06:04Z [9,930ms] [Warning] [omni.physx.plugin] Stiffness attribute is unsupported for articulation joints and will be ignored (/World/envs/env_0/Robot/humanoid_quadrotor/joints/left_thigh).
2026-01-21T12:06:04Z [9,930ms] [Warning] [omni.physx.plugin] Damping attribute is unsupported for articulation joints and will be ignored (/World/envs/env_0/Robot/humanoid_quadrotor/joints/left_thigh).
2026-01-21T12:06:04Z [9,930ms] [Warning] [omni.physx.plugin] Stiffness attribute is unsupported for articulation joints and will be ignored (/World/envs/env_0/Robot/humanoid_quadrotor/joints/left_thigh).
2026-01-21T12:06:04Z [9,930ms] [Warning] [omni.physx.plugin] Damping attribute is unsupported for articulation joints and will be ignored (/World/envs/env_0/Robot/humanoid_quadrotor/joints/left_thigh).
2026-01-21T12:06:04Z [9,930ms] [Warning] [omni.physx.plugin] Stiffness attribute is unsupported for articulation joints and will be ignored (/World/envs/env_0/Robot/humanoid_quadrotor/joints/left_thigh).
2026-01-21T12:06:04Z [9,930ms] [Warning] [omni.physx.plugin] Damping attribute is unsupported for articulation joints and will be ignored (/World/envs/env_0/Robot/humanoid_quadrotor/joints/left_thigh).
2026-01-21T12:06:04Z [9,930ms] [Warning] [omni.physx.plugin] Stiffness attribute is unsupported for articulation joints and will be ignored (/World/envs/env_0/Robot/humanoid_quadrotor/joints/right_upper_arm).
2026-01-21T12:06:04Z [9,930ms] [Warning] [omni.physx.plugin] Damping attribute is unsupported for articulation joints and will be ignored (/World/envs/env_0/Robot/humanoid_quadrotor/joints/right_upper_arm).
2026-01-21T12:06:04Z [9,930ms] [Warning] [omni.physx.plugin] Stiffness attribute is unsupported for articulation joints and will be ignored (/World/envs/env_0/Robot/humanoid_quadrotor/joints/right_upper_arm).
2026-01-21T12:06:04Z [9,930ms] [Warning] [omni.physx.plugin] Damping attribute is unsupported for articulation joints and will be ignored (/World/envs/env_0/Robot/humanoid_quadrotor/joints/right_upper_arm).
2026-01-21T12:06:04Z [9,930ms] [Warning] [omni.physx.plugin] Stiffness attribute is unsupported for articulation joints and will be ignored (/World/envs/env_0/Robot/humanoid_quadrotor/joints/left_upper_arm).
2026-01-21T12:06:04Z [9,930ms] [Warning] [omni.physx.plugin] Damping attribute is unsupported for articulation joints and will be ignored (/World/envs/env_0/Robot/humanoid_quadrotor/joints/left_upper_arm).
2026-01-21T12:06:04Z [9,930ms] [Warning] [omni.physx.plugin] Stiffness attribute is unsupported for articulation joints and will be ignored (/World/envs/env_0/Robot/humanoid_quadrotor/joints/left_upper_arm).
2026-01-21T12:06:04Z [9,930ms] [Warning] [omni.physx.plugin] Damping attribute is unsupported for articulation joints and will be ignored (/World/envs/env_0/Robot/humanoid_quadrotor/joints/left_upper_arm).
2026-01-21T12:06:04Z [9,930ms] [Warning] [omni.physx.plugin] Stiffness attribute is unsupported for articulation joints and will be ignored (/World/envs/env_0/Robot/humanoid_quadrotor/joints/right_upper_arm).
2026-01-21T12:06:04Z [9,930ms] [Warning] [omni.physx.plugin] Damping attribute is unsupported for articulation joints and will be ignored (/World/envs/env_0/Robot/humanoid_quadrotor/joints/right_upper_arm).
2026-01-21T12:06:04Z [9,930ms] [Warning] [omni.physx.plugin] Stiffness attribute is unsupported for articulation joints and will be ignored (/World/envs/env_0/Robot/humanoid_quadrotor/joints/right_upper_arm).
2026-01-21T12:06:04Z [9,930ms] [Warning] [omni.physx.plugin] Damping attribute is unsupported for articulation joints and will be ignored (/World/envs/env_0/Robot/humanoid_quadrotor/joints/right_upper_arm).
2026-01-21T12:06:04Z [9,930ms] [Warning] [omni.physx.plugin] Stiffness attribute is unsupported for articulation joints and will be ignored (/World/envs/env_0/Robot/humanoid_quadrotor/joints/left_upper_arm).
2026-01-21T12:06:04Z [9,930ms] [Warning] [omni.physx.plugin] Damping attribute is unsupported for articulation joints and will be ignored (/World/envs/env_0/Robot/humanoid_quadrotor/joints/left_upper_arm).
2026-01-21T12:06:04Z [9,930ms] [Warning] [omni.physx.plugin] Stiffness attribute is unsupported for articulation joints and will be ignored (/World/envs/env_0/Robot/humanoid_quadrotor/joints/left_upper_arm).
2026-01-21T12:06:04Z [9,930ms] [Warning] [omni.physx.plugin] Damping attribute is unsupported for articulation joints and will be ignored (/World/envs/env_0/Robot/humanoid_quadrotor/joints/left_upper_arm).
2026-01-21T12:06:04Z [9,930ms] [Warning] [omni.physx.plugin] Stiffness attribute is unsupported for articulation joints and will be ignored (/World/envs/env_0/Robot/humanoid_quadrotor/joints/right_upper_arm).
2026-01-21T12:06:04Z [9,930ms] [Warning] [omni.physx.plugin] Damping attribute is unsupported for articulation joints and will be ignored (/World/envs/env_0/Robot/humanoid_quadrotor/joints/right_upper_arm).
2026-01-21T12:06:04Z [9,930ms] [Warning] [omni.physx.plugin] Stiffness attribute is unsupported for articulation joints and will be ignored (/World/envs/env_0/Robot/humanoid_quadrotor/joints/right_upper_arm).
2026-01-21T12:06:04Z [9,930ms] [Warning] [omni.physx.plugin] Damping attribute is unsupported for articulation joints and will be ignored (/World/envs/env_0/Robot/humanoid_quadrotor/joints/right_upper_arm).
2026-01-21T12:06:04Z [9,930ms] [Warning] [omni.physx.plugin] Stiffness attribute is unsupported for articulation joints and will be ignored (/World/envs/env_0/Robot/humanoid_quadrotor/joints/left_upper_arm).
2026-01-21T12:06:04Z [9,930ms] [Warning] [omni.physx.plugin] Damping attribute is unsupported for articulation joints and will be ignored (/World/envs/env_0/Robot/humanoid_quadrotor/joints/left_upper_arm).
2026-01-21T12:06:04Z [9,930ms] [Warning] [omni.physx.plugin] Stiffness attribute is unsupported for articulation joints and will be ignored (/World/envs/env_0/Robot/humanoid_quadrotor/joints/left_upper_arm).
2026-01-21T12:06:04Z [9,930ms] [Warning] [omni.physx.plugin] Damping attribute is unsupported for articulation joints and will be ignored (/World/envs/env_0/Robot/humanoid_quadrotor/joints/left_upper_arm).
2026-01-21T12:06:04Z [9,930ms] [Warning] [omni.physx.plugin] Stiffness attribute is unsupported for articulation joints and will be ignored (/World/envs/env_0/Robot/humanoid_quadrotor/joints/right_upper_arm).
2026-01-21T12:06:04Z [9,930ms] [Warning] [omni.physx.plugin] Damping attribute is unsupported for articulation joints and will be ignored (/World/envs/env_0/Robot/humanoid_quadrotor/joints/right_upper_arm).
2026-01-21T12:06:04Z [9,930ms] [Warning] [omni.physx.plugin] Stiffness attribute is unsupported for articulation joints and will be ignored (/World/envs/env_0/Robot/humanoid_quadrotor/joints/right_upper_arm).
2026-01-21T12:06:04Z [9,930ms] [Warning] [omni.physx.plugin] Damping attribute is unsupported for articulation joints and will be ignored (/World/envs/env_0/Robot/humanoid_quadrotor/joints/right_upper_arm).
2026-01-21T12:06:04Z [9,930ms] [Warning] [omni.physx.plugin] Stiffness attribute is unsupported for articulation joints and will be ignored (/World/envs/env_0/Robot/humanoid_quadrotor/joints/left_upper_arm).
2026-01-21T12:06:04Z [9,930ms] [Warning] [omni.physx.plugin] Damping attribute is unsupported for articulation joints and will be ignored (/World/envs/env_0/Robot/humanoid_quadrotor/joints/left_upper_arm).
2026-01-21T12:06:04Z [9,930ms] [Warning] [omni.physx.plugin] Stiffness attribute is unsupported for articulation joints and will be ignored (/World/envs/env_0/Robot/humanoid_quadrotor/joints/left_upper_arm).
2026-01-21T12:06:04Z [9,930ms] [Warning] [omni.physx.plugin] Damping attribute is unsupported for articulation joints and will be ignored (/World/envs/env_0/Robot/humanoid_quadrotor/joints/left_upper_arm).
2026-01-21T12:06:04Z [9,930ms] [Warning] [omni.physx.plugin] Stiffness attribute is unsupported for articulation joints and will be ignored (/World/envs/env_0/Robot/humanoid_quadrotor/joints/right_upper_arm).
2026-01-21T12:06:04Z [9,930ms] [Warning] [omni.physx.plugin] Damping attribute is unsupported for articulation joints and will be ignored (/World/envs/env_0/Robot/humanoid_quadrotor/joints/right_upper_arm).
2026-01-21T12:06:04Z [9,930ms] [Warning] [omni.physx.plugin] Stiffness attribute is unsupported for articulation joints and will be ignored (/World/envs/env_0/Robot/humanoid_quadrotor/joints/right_upper_arm).
2026-01-21T12:06:04Z [9,930ms] [Warning] [omni.physx.plugin] Damping attribute is unsupported for articulation joints and will be ignored (/World/envs/env_0/Robot/humanoid_quadrotor/joints/right_upper_arm).
2026-01-21T12:06:04Z [9,930ms] [Warning] [omni.physx.plugin] Stiffness attribute is unsupported for articulation joints and will be ignored (/World/envs/env_0/Robot/humanoid_quadrotor/joints/left_upper_arm).
2026-01-21T12:06:04Z [9,930ms] [Warning] [omni.physx.plugin] Damping attribute is unsupported for articulation joints and will be ignored (/World/envs/env_0/Robot/humanoid_quadrotor/joints/left_upper_arm).
2026-01-21T12:06:04Z [9,930ms] [Warning] [omni.physx.plugin] Stiffness attribute is unsupported for articulation joints and will be ignored (/World/envs/env_0/Robot/humanoid_quadrotor/joints/left_upper_arm).
2026-01-21T12:06:04Z [9,930ms] [Warning] [omni.physx.plugin] Damping attribute is unsupported for articulation joints and will be ignored (/World/envs/env_0/Robot/humanoid_quadrotor/joints/left_upper_arm).
2026-01-21T12:06:04Z [9,930ms] [Warning] [omni.physx.plugin] Stiffness attribute is unsupported for articulation joints and will be ignored (/World/envs/env_0/Robot/humanoid_quadrotor/joints/left_upper_arm).
/pytorch/aten/src/ATen/native/cuda/IndexKernel.cu:93: operator(): block: [0,0,0], thread: [17,0,0] Assertion `-sizes[i] <= index && index < sizes[i] && "index out of bounds"` failed.
/pytorch/aten/src/ATen/native/cuda/IndexKernel.cu:93: operator(): block: [0,0,0], thread: [18,0,0] Assertion `-sizes[i] <= index && index < sizes[i] && "index out of bounds"` failed.
/pytorch/aten/src/ATen/native/cuda/IndexKernel.cu:93: operator(): block: [0,0,0], thread: [19,0,0] Assertion `-sizes[i] <= index && index < sizes[i] && "index out of bounds"` failed.
/pytorch/aten/src/ATen/native/cuda/IndexKernel.cu:93: operator(): block: [0,0,0], thread: [20,0,0] Assertion `-sizes[i] <= index && index < sizes[i] && "index out of bounds"` failed.
2026-01-21T12:06:04Z [9,930ms] [Warning] [omni.physx.plugin] Damping attribute is unsupported for articulation joints and will be ignored (/World/envs/env_0/Robot/humanoid_quadrotor/joints/left_upper_arm).
2026-01-21T12:06:04Z [9,930ms] [Warning] [omni.physx.plugin] Stiffness attribute is unsupported for articulation joints and will be ignored (/World/envs/env_0/Robot/humanoid_quadrotor/joints/left_upper_arm).
2026-01-21T12:06:04Z [9,930ms] [Warning] [omni.physx.plugin] Damping attribute is unsupported for articulation joints and will be ignored (/World/envs/env_0/Robot/humanoid_quadrotor/joints/left_upper_arm).
2026-01-21T12:06:04Z [9,930ms] [Warning] [omni.physx.plugin] Stiffness attribute is unsupported for articulation joints and will be ignored (/World/envs/env_0/Robot/humanoid_quadrotor/joints/left_upper_arm).
2026-01-21T12:06:04Z [9,930ms] [Warning] [omni.physx.plugin] Damping attribute is unsupported for articulation joints and will be ignored (/World/envs/env_0/Robot/humanoid_quadrotor/joints/left_upper_arm).
2026-01-21T12:06:04Z [9,930ms] [Warning] [omni.physx.plugin] Stiffness attribute is unsupported for articulation joints and will be ignored (/World/envs/env_0/Robot/humanoid_quadrotor/joints/left_upper_arm).
2026-01-21T12:06:04Z [9,930ms] [Warning] [omni.physx.plugin] Damping attribute is unsupported for articulation joints and will be ignored (/World/envs/env_0/Robot/humanoid_quadrotor/joints/left_upper_arm).
2026-01-21T12:06:04Z [9,930ms] [Warning] [omni.physx.plugin] The fixed tendon axis at /World/envs/env_0/Robot/humanoid_quadrotor/joints/left_knee was not parsed due to a topology issue: Refer to the topology constraints in the USD schema doc for PhysxTendonAxisAPI.
2026-01-21T12:06:04Z [9,930ms] [Warning] [omni.physx.plugin] The fixed tendon axis at /World/envs/env_0/Robot/humanoid_quadrotor/joints/right_knee was not parsed due to a topology issue: Refer to the topology constraints in the USD schema doc for PhysxTendonAxisAPI.
2026-01-21T12:06:04Z [10,021ms] [Warning] [isaaclab.envs.direct_rl_env] DirectRLEnvCfg.num_actions is deprecated. Use DirectRLEnvCfg.action_space instead.
2026-01-21T12:06:04Z [10,021ms] [Warning] [isaaclab.envs.direct_rl_env] DirectRLEnvCfg.num_observations is deprecated. Use DirectRLEnvCfg.observation_space instead.
[INFO][AppLauncher]: Using device: cuda:0
[INFO][AppLauncher]: Loading experience file: /home/qyy/hdd/work/alice_isaac/IsaacLab-2.3.1/apps/isaaclab.python.headless.kit
============================================================
Testing Humanoid Quadrotor Environment
============================================================

Creating environment...
[INFO]: Base environment:
	Environment device    : cuda:0
	Environment seed      : None
	Physics step-size     : 0.005
	Rendering step-size   : 0.01
	Environment step-size : 0.02
[INFO]: Time taken for scene creation : 3.610277 seconds
[INFO]: Scene manager:  <class InteractiveScene>
	Number of environments: 1
	Environment spacing   : 4.0
	Source prim name      : /World/envs/env_0
	Global prim paths     : []
	Replicate physics     : True
[INFO]: Starting the simulation. This may take a few seconds. Please wait...
[INFO]: Time taken for simulation start : 0.250686 seconds
[INFO]: Completed setting up the environment...
✓ Environment created successfully
  - Observation space: Box(-inf, inf, (1, 378), float32)
  - Action space: Box(-1.0, 1.0, (1, 25), float32)
  - Number of environments: 1
  - Device: cuda:0

Resetting environment...
✓ Reset successful
  - Observation shape: torch.Size([1, 47])

Running random actions for 100 steps...
------------------------------------------------------------
[DEBUG] _apply_action: self._rotor_thrusts shape: torch.Size([1, 4])
[DEBUG] _apply_action: total_force shape: torch.Size([1, 3])
Traceback (most recent call last):
  File "/home/qyy/hdd/work/alice_isaac/alice_isaac/scripts/test_env.py", line 97, in <module>
    main()
  File "/home/qyy/hdd/work/alice_isaac/alice_isaac/scripts/test_env.py", line 72, in main
    obs, rewards, terminated, truncated, info = env.step(actions)
                                                ^^^^^^^^^^^^^^^^^
  File "/home/qyy/hdd/work/alice_isaac/IsaacLab-2.3.1/source/isaaclab/isaaclab/envs/direct_rl_env.py", line 353, in step
    self._apply_action()
  File "/home/qyy/hdd/work/alice_isaac/alice_isaac/scripts/../envs/quad_humanoid_env.py", line 86, in _apply_action
    summed_thrusts = torch.sum(self._rotor_thrusts, dim=1)
                     ^^^^^^^^^^^^^^^^^^^^^^^^^^^^^^^^^^^^^
RuntimeError: CUDA error: device-side assert triggered
CUDA kernel errors might be asynchronously reported at some other API call, so the stacktrace below might be incorrect.
For debugging consider passing CUDA_LAUNCH_BLOCKING=1
Compile with `TORCH_USE_CUDA_DSA` to enable device-side assertions.

2026-01-21T12:06:04Z [10,040ms] [Error] [omni.physx.fabric.plugin] CUDA error: device-side assert triggered: ../../../extensions/runtime/source/omni.physx.fabric/plugins/DirectGpuHelper.cpp: 563
2026-01-21T12:06:04Z [10,040ms] [Error] [omni.physx.fabric.plugin] CUDA error: device-side assert triggered: ../../../extensions/runtime/source/omni.physx.fabric/plugins/DirectGpuHelper.cpp: 566
2026-01-21T12:06:04Z [10,040ms] [Error] [omni.physx.fabric.plugin] CUDA error: device-side assert triggered: ../../../extensions/runtime/source/omni.physx.fabric/plugins/DirectGpuHelper.cpp: 569
2026-01-21T12:06:04Z [10,040ms] [Error] [omni.physx.fabric.plugin] CUDA error: device-side assert triggered: ../../../extensions/runtime/source/omni.physx.fabric/plugins/DirectGpuHelper.cpp: 572
2026-01-21T12:06:04Z [10,040ms] [Error] [omni.physx.fabric.plugin] CUDA error: device-side assert triggered: ../../../extensions/runtime/source/omni.physx.fabric/plugins/DirectGpuHelper.cpp: 575
2026-01-21T12:06:04Z [10,040ms] [Error] [omni.physx.fabric.plugin] CUDA error: device-side assert triggered: ../../../extensions/runtime/source/omni.physx.fabric/plugins/DirectGpuHelper.cpp: 578
2026-01-21T12:06:04Z [10,040ms] [Error] [omni.physx.fabric.plugin] CUDA error: device-side assert triggered: ../../../extensions/runtime/source/omni.physx.fabric/plugins/DirectGpuHelper.cpp: 581
2026-01-21T12:06:04Z [10,040ms] [Error] [omni.physx.fabric.plugin] CUDA error: device-side assert triggered: ../../../extensions/runtime/source/omni.physx.fabric/plugins/DirectGpuHelper.cpp: 584
2026-01-21T12:06:04Z [10,040ms] [Error] [omni.physx.fabric.plugin] CUDA error: device-side assert triggered: ../../../extensions/runtime/source/omni.physx.fabric/plugins/DirectGpuHelper.cpp: 587
